{"level":"INFO","time":"2026/01/28 04:10:22 ", "No": "00001", "file": "boot/env.go:134", "message": "[engine:boot] Bootstrap"}
{"level":"INFO","time":"2026/01/28 04:10:22 ", "No": "00002", "file": "pkg/services/caches/parser.go:295", "message": "Method: ValidateCard | Args: [apiKey timeout] | Returns: [r]"}
{"level":"INFO","time":"2026/01/28 04:10:22 ", "No": "00003", "file": "pkg/services/caches/parser.go:295", "message": "Method: CheckBalance | Args: [accountId minBalance] | Returns: [r]"}
{"level":"INFO","time":"2026/01/28 04:10:22 ", "No": "00004", "file": "pkg/services/caches/parser.go:295", "message": "Method: ChargeCard | Args: [amount retries accountId] | Returns: [r]"}
{"level":"INFO","time":"2026/01/28 04:10:22 ", "No": "00005", "file": "pkg/services/caches/parser.go:295", "message": "Method: SendReceipt | Args: [email transactionId] | Returns: [r]"}
{"level":"INFO","time":"2026/01/28 04:10:22 ", "No": "00006", "file": "pkg/services/caches/parser.go:298", "message": "Func: NewPaymentTransitions | Args: [] | Returns: [out0]"}
{"level":"INFO","time":"2026/01/28 04:10:22 ", "No": "00007", "file": "pkg/services/caches/parser.go:113", "message": "Generated modules.json with 1 modules"}
{"level":"INFO","time":"2026/01/28 04:10:22 ", "No": "00008", "file": "pkg/services/caches/parser.go:295", "message": "Method: Say | Args: [on v] | Returns: [r]"}
{"level":"INFO","time":"2026/01/28 04:10:22 ", "No": "00009", "file": "pkg/services/caches/parser.go:298", "message": "Func: NewSpeakTransitions | Args: [] | Returns: [out0]"}
{"level":"INFO","time":"2026/01/28 04:10:22 ", "No": "00010", "file": "pkg/services/caches/parser.go:113", "message": "Generated modules.json with 2 modules"}
{"level":"INFO","time":"2026/01/28 04:10:22 ", "No": "00011", "file": "pkg/services/caches/parser.go:295", "message": "Method: Bool | Args: [value] | Returns: [r]"}
{"level":"INFO","time":"2026/01/28 04:10:22 ", "No": "00012", "file": "pkg/services/caches/parser.go:295", "message": "Method: Integer | Args: [value op] | Returns: [r]"}
{"level":"INFO","time":"2026/01/28 04:10:22 ", "No": "00013", "file": "pkg/services/caches/parser.go:295", "message": "Method: String | Args: [value op] | Returns: [r]"}
{"level":"INFO","time":"2026/01/28 04:10:22 ", "No": "00014", "file": "pkg/services/caches/parser.go:295", "message": "Method: Switch | Args: [value] | Returns: [r]"}
{"level":"INFO","time":"2026/01/28 04:10:22 ", "No": "00015", "file": "pkg/services/caches/parser.go:295", "message": "Method: IsPathExists | Args: [value path] | Returns: [r]"}
{"level":"INFO","time":"2026/01/28 04:10:22 ", "No": "00016", "file": "pkg/services/caches/parser.go:298", "message": "Func: NewAssertTransitions | Args: [] | Returns: [out0]"}
{"level":"INFO","time":"2026/01/28 04:10:22 ", "No": "00017", "file": "pkg/services/caches/parser.go:113", "message": "Generated modules.json with 3 modules"}
{"level":"INFO","time":"2026/01/28 04:10:22 ", "No": "00018", "file": "pkg/services/caches/parser.go:295", "message": "Method: Update | Args: [entity] | Returns: [r]"}
{"level":"INFO","time":"2026/01/28 04:10:22 ", "No": "00019", "file": "pkg/services/caches/parser.go:298", "message": "Func: NewDatetimeAtTransitions | Args: [] | Returns: [out0]"}
{"level":"INFO","time":"2026/01/28 04:10:22 ", "No": "00020", "file": "pkg/services/caches/parser.go:113", "message": "Generated modules.json with 4 modules"}
{"level":"INFO","time":"2026/01/28 04:10:22 ", "No": "00021", "file": "pkg/services/caches/parser.go:295", "message": "Method: Query | Args: [] | Returns: [r]"}
{"level":"INFO","time":"2026/01/28 04:10:22 ", "No": "00022", "file": "pkg/services/caches/parser.go:295", "message": "Method: Log | Args: [] | Returns: [r]"}
{"level":"INFO","time":"2026/01/28 04:10:22 ", "No": "00023", "file": "pkg/services/caches/parser.go:298", "message": "Func: NewDebugTransitions | Args: [] | Returns: [out0]"}
{"level":"INFO","time":"2026/01/28 04:10:22 ", "No": "00024", "file": "pkg/services/caches/parser.go:113", "message": "Generated modules.json with 5 modules"}
{"level":"INFO","time":"2026/01/28 04:10:22 ", "No": "00025", "file": "pkg/services/caches/parser.go:295", "message": "Method: Merge | Args: [merge exclude] | Returns: [r]"}
{"level":"INFO","time":"2026/01/28 04:10:22 ", "No": "00026", "file": "pkg/services/caches/parser.go:295", "message": "Method: Entity | Args: [name returnTo value] | Returns: [r]"}
{"level":"INFO","time":"2026/01/28 04:10:22 ", "No": "00027", "file": "pkg/services/caches/parser.go:298", "message": "Func: NewEntityTransitions | Args: [] | Returns: [out0]"}
{"level":"INFO","time":"2026/01/28 04:10:22 ", "No": "00028", "file": "pkg/services/caches/parser.go:113", "message": "Generated modules.json with 6 modules"}
{"level":"INFO","time":"2026/01/28 04:10:22 ", "No": "00029", "file": "pkg/services/caches/parser.go:295", "message": "Method: OnAnyError | Args: [msg statusCode] | Returns: [r]"}
{"level":"INFO","time":"2026/01/28 04:10:22 ", "No": "00030", "file": "pkg/services/caches/parser.go:295", "message": "Method: LogError | Args: [level notify] | Returns: [r]"}
{"level":"INFO","time":"2026/01/28 04:10:22 ", "No": "00031", "file": "pkg/services/caches/parser.go:295", "message": "Method: RetryWithBackoff | Args: [maxRetries backoffMs] | Returns: [r]"}
{"level":"INFO","time":"2026/01/28 04:10:22 ", "No": "00032", "file": "pkg/services/caches/parser.go:295", "message": "Method: CriticalFailure | Args: [notify escalate] | Returns: [r]"}
{"level":"INFO","time":"2026/01/28 04:10:22 ", "No": "00033", "file": "pkg/services/caches/parser.go:298", "message": "Func: NewErrorsTransitions | Args: [] | Returns: [out0]"}
{"level":"INFO","time":"2026/01/28 04:10:22 ", "No": "00034", "file": "pkg/services/caches/parser.go:113", "message": "Generated modules.json with 7 modules"}
{"level":"INFO","time":"2026/01/28 04:10:22 ", "No": "00035", "file": "pkg/services/caches/parser.go:295", "message": "Method: RunWorkflow | Args: [p name] | Returns: [response err]"}
{"level":"INFO","time":"2026/01/28 04:10:22 ", "No": "00036", "file": "pkg/services/caches/parser.go:295", "message": "Method: RunFeature | Args: [p name] | Returns: [response err]"}
{"level":"INFO","time":"2026/01/28 04:10:22 ", "No": "00037", "file": "pkg/services/caches/parser.go:295", "message": "Method: RunSolution | Args: [p name] | Returns: [response err]"}
{"level":"INFO","time":"2026/01/28 04:10:22 ", "No": "00038", "file": "pkg/services/caches/parser.go:295", "message": "Method: RunWorkflowChain | Args: [p names] | Returns: [responses err]"}
{"level":"INFO","time":"2026/01/28 04:10:22 ", "No": "00039", "file": "pkg/services/caches/parser.go:295", "message": "Method: RunFeatureChain | Args: [p names] | Returns: [responses err]"}
{"level":"INFO","time":"2026/01/28 04:10:22 ", "No": "00040", "file": "pkg/services/caches/parser.go:295", "message": "Method: RunSolutionChain | Args: [p names] | Returns: [responses err]"}
{"level":"INFO","time":"2026/01/28 04:10:22 ", "No": "00041", "file": "pkg/services/caches/parser.go:298", "message": "Func: NewOrchestrationTransitions | Args: [] | Returns: [out0]"}
{"level":"INFO","time":"2026/01/28 04:10:22 ", "No": "00042", "file": "pkg/services/caches/parser.go:113", "message": "Generated modules.json with 8 modules"}
{"level":"INFO","time":"2026/01/28 04:10:22 ", "No": "00043", "file": "pkg/services/caches/parser.go:295", "message": "Method: PaginationTotal | Args: [pagination total] | Returns: [r]"}
{"level":"INFO","time":"2026/01/28 04:10:22 ", "No": "00044", "file": "pkg/services/caches/parser.go:295", "message": "Method: CurrentPageTotal | Args: [pagination entities] | Returns: [r]"}
{"level":"INFO","time":"2026/01/28 04:10:22 ", "No": "00045", "file": "pkg/services/caches/parser.go:298", "message": "Func: NewPaginationTransitions | Args: [] | Returns: [out0]"}
{"level":"INFO","time":"2026/01/28 04:10:22 ", "No": "00046", "file": "pkg/services/caches/parser.go:113", "message": "Generated modules.json with 9 modules"}
{"level":"INFO","time":"2026/01/28 04:10:22 ", "No": "00047", "file": "pkg/services/caches/parser.go:295", "message": "Method: End | Args: [] | Returns: [r]"}
{"level":"INFO","time":"2026/01/28 04:10:22 ", "No": "00048", "file": "pkg/services/caches/parser.go:295", "message": "Method: Response | Args: [isSuccess] | Returns: [r]"}
{"level":"INFO","time":"2026/01/28 04:10:22 ", "No": "00049", "file": "pkg/services/caches/parser.go:295", "message": "Method: ResponseLastSuccess | Args: [] | Returns: [r]"}
{"level":"INFO","time":"2026/01/28 04:10:22 ", "No": "00050", "file": "pkg/services/caches/parser.go:295", "message": "Method: True | Args: [statusCode] | Returns: [r]"}
{"level":"INFO","time":"2026/01/28 04:10:22 ", "No": "00051", "file": "pkg/services/caches/parser.go:295", "message": "Method: False | Args: [statusCode] | Returns: [r]"}
{"level":"INFO","time":"2026/01/28 04:10:22 ", "No": "00052", "file": "pkg/services/caches/parser.go:295", "message": "Method: SetValue | Args: [name value] | Returns: [r]"}
{"level":"INFO","time":"2026/01/28 04:10:22 ", "No": "00053", "file": "pkg/services/caches/parser.go:295", "message": "Method: ResponseValue | Args: [message statusCode] | Returns: [r]"}
{"level":"INFO","time":"2026/01/28 04:10:22 ", "No": "00054", "file": "pkg/services/caches/parser.go:295", "message": "Method: ResponseEntity | Args: [property statusCode] | Returns: [r]"}
{"level":"INFO","time":"2026/01/28 04:10:22 ", "No": "00055", "file": "pkg/services/caches/parser.go:295", "message": "Method: ResponseEntities | Args: [entities statusCode] | Returns: [r]"}
{"level":"INFO","time":"2026/01/28 04:10:22 ", "No": "00056", "file": "pkg/services/caches/parser.go:298", "message": "Func: NewResponseTransitions | Args: [] | Returns: [out0]"}
{"level":"INFO","time":"2026/01/28 04:10:22 ", "No": "00057", "file": "pkg/services/caches/parser.go:113", "message": "Generated modules.json with 10 modules"}
{"level":"INFO","time":"2026/01/28 04:10:22 ", "No": "00058", "file": "pkg/services/caches/parser.go:295", "message": "Method: Prepare | Args: [] | Returns: [r]"}
{"level":"INFO","time":"2026/01/28 04:10:22 ", "No": "00059", "file": "pkg/services/caches/parser.go:295", "message": "Method: Execute | Args: [] | Returns: [r]"}
{"level":"INFO","time":"2026/01/28 04:10:22 ", "No": "00060", "file": "pkg/services/caches/parser.go:295", "message": "Method: Finish | Args: [] | Returns: [r]"}
{"level":"INFO","time":"2026/01/28 04:10:22 ", "No": "00061", "file": "pkg/services/caches/parser.go:295", "message": "Method: IsContinue | Args: [isQuit] | Returns: [r]"}
{"level":"INFO","time":"2026/01/28 04:10:22 ", "No": "00062", "file": "pkg/services/caches/parser.go:295", "message": "Method: Quit | Args: [value] | Returns: [r]"}
{"level":"INFO","time":"2026/01/28 04:10:22 ", "No": "00063", "file": "pkg/services/caches/parser.go:298", "message": "Func: NewWorkflowTransitions | Args: [] | Returns: [out0]"}
{"level":"INFO","time":"2026/01/28 04:10:22 ", "No": "00064", "file": "pkg/services/caches/parser.go:113", "message": "Generated modules.json with 11 modules"}
